Using pre-set license
Built from '2020.3/release' branch; Version is '2020.3.1f1 (77a89f25062f) revision 7841951'; Using compiler version '192528614'; Build Type 'Release'
OS: 'Windows 10 Home; OS build 19042.1415; Version 2009; 64bit' Language: 'ko' Physical Memory: 7865 MB
BatchMode: 1, IsHumanControllingUs: 0, StartBugReporterOnCrash: 0, Is64bit: 1, IsPro: 0

 COMMAND LINE ARGUMENTS:
C:\Program Files\Unity\Hub\Editor\2020.3.1f1\Editor\Unity.exe
-adb2
-batchMode
-noUpm
-name
AssetImportWorker0
-projectPath
D:/바탕화면/te2ris/te2ris
-logFile
Logs/AssetImportWorker0.log
-srvPort
64283
Successfully changed project path to: D:/바탕화면/te2ris/te2ris
D:/바탕화면/te2ris/te2ris
Using Asset Import Pipeline V2.
Refreshing native plugins compatible for Editor in 122.27 ms, found 3 plugins.
Preloading 0 native plugins for Editor in 0.00 ms.
Initialize engine version: 2020.3.1f1 (77a89f25062f)
[Subsystems] Discovering subsystems at path C:/Program Files/Unity/Hub/Editor/2020.3.1f1/Editor/Data/Resources/UnitySubsystems
[Subsystems] Discovering subsystems at path D:/바탕화면/te2ris/te2ris/Assets
GfxDevice: creating device client; threaded=0
Direct3D:
    Version:  Direct3D 11.0 [level 11.1]
    Renderer: NVIDIA GeForce MX450 (ID=0x1f97)
    Vendor:   
    VRAM:     1928 MB
    Driver:   27.21.14.5256
Initialize mono
Mono path[0] = 'C:/Program Files/Unity/Hub/Editor/2020.3.1f1/Editor/Data/Managed'
Mono path[1] = 'C:/Program Files/Unity/Hub/Editor/2020.3.1f1/Editor/Data/MonoBleedingEdge/lib/mono/unityjit'
Mono config path = 'C:/Program Files/Unity/Hub/Editor/2020.3.1f1/Editor/Data/MonoBleedingEdge/etc'
Using monoOptions --debugger-agent=transport=dt_socket,embedding=1,server=y,suspend=n,address=127.0.0.1:56348
Begin MonoManager ReloadAssembly
Registering precompiled unity dll's ...
Register platform support module: C:/Program Files/Unity/Hub/Editor/2020.3.1f1/Editor/Data/PlaybackEngines/WebGLSupport/UnityEditor.WebGL.Extensions.dll
Register platform support module: C:/Program Files/Unity/Hub/Editor/2020.3.1f1/Editor/Data/PlaybackEngines/WindowsStandaloneSupport/UnityEditor.WindowsStandalone.Extensions.dll
Registered in 0.003987 seconds.
Native extension for WindowsStandalone target not found
Native extension for WebGL target not found
Refreshing native plugins compatible for Editor in 84.13 ms, found 3 plugins.
Preloading 0 native plugins for Editor in 0.00 ms.
Invoked RoslynAnalysisRunner static constructor.
RoslynAnalysisRunner will not be running.
RoslynAnalysisRunner has terminated.
Mono: successfully reloaded assembly
- Completed reload, in  1.913 seconds
Platform modules already initialized, skipping
Registering precompiled user dll's ...
Registered in 0.006162 seconds.
Begin MonoManager ReloadAssembly
Native extension for WindowsStandalone target not found
Native extension for WebGL target not found
Refreshing native plugins compatible for Editor in 80.39 ms, found 3 plugins.
Preloading 0 native plugins for Editor in 0.00 ms.
Invoked RoslynAnalysisRunner static constructor.
RoslynAnalysisRunner will not be running.
RoslynAnalysisRunner has terminated.
Mono: successfully reloaded assembly
- Completed reload, in  1.936 seconds
Platform modules already initialized, skipping
========================================================================
Worker process is ready to serve import requests
Launched and connected shader compiler UnityShaderCompiler.exe after 0.10 seconds
Refreshing native plugins compatible for Editor in 1.09 ms, found 3 plugins.
Preloading 0 native plugins for Editor in 0.00 ms.
Unloading 2741 Unused Serialized files (Serialized files now loaded: 0)
System memory in use before: 109.7 MB.
System memory in use after: 109.9 MB.

Unloading 63 unused Assets to reduce memory usage. Loaded Objects now: 3142.
Total: 8.041200 ms (FindLiveObjects: 0.519800 ms CreateObjectMapping: 0.081000 ms MarkObjects: 7.228900 ms  DeleteObjects: 0.208000 ms)

========================================================================
Received Import Request.
  path: Assets/개인폴더
  artifactKey: Guid(57034251fd349cd4daaa03eca9ebd4f0) Importer(815301076,1909f56bfc062723c751e8b465ee728b)
Start importing Assets/개인폴더 using Guid(57034251fd349cd4daaa03eca9ebd4f0) Importer(815301076,1909f56bfc062723c751e8b465ee728b)  -> (artifact id: 'c6e72aef49d80fe8b4f9997eef811956') in 0.009335 seconds
  Import took 0.013877 seconds .

========================================================================
Received Import Request.
  Time since last request: 95.575324 seconds.
  path: Assets/개인폴더/강수훈
  artifactKey: Guid(3c50e38e2804e5f4fac77fc0b1aad2f8) Importer(815301076,1909f56bfc062723c751e8b465ee728b)
Start importing Assets/개인폴더/강수훈 using Guid(3c50e38e2804e5f4fac77fc0b1aad2f8) Importer(815301076,1909f56bfc062723c751e8b465ee728b)  -> (artifact id: 'af92f82cd4a84aed49f2263f0fadbf1b') in 0.010136 seconds
  Import took 0.018453 seconds .

========================================================================
Received Import Request.
  Time since last request: 9.075345 seconds.
  path: Assets/개인폴더/강수훈/adsf.cs
  artifactKey: Guid(cbaaace23971a62488d479010b181ba9) Importer(815301076,1909f56bfc062723c751e8b465ee728b)
Start importing Assets/개인폴더/강수훈/adsf.cs using Guid(cbaaace23971a62488d479010b181ba9) Importer(815301076,1909f56bfc062723c751e8b465ee728b)  -> (artifact id: '5a758f9242b64b3990f19db394ccb6cc') in 0.044395 seconds
  Import took 0.053439 seconds .

========================================================================
Received Prepare
Registering precompiled user dll's ...
Registered in 0.006431 seconds.
Begin MonoManager ReloadAssembly
Native extension for WindowsStandalone target not found
Native extension for WebGL target not found
Refreshing native plugins compatible for Editor in 1.70 ms, found 3 plugins.
Preloading 0 native plugins for Editor in 0.00 ms.
Invoked RoslynAnalysisRunner static constructor.
RoslynAnalysisRunner will not be running.
RoslynAnalysisRunner has terminated.
Mono: successfully reloaded assembly
- Completed reload, in  1.787 seconds
Platform modules already initialized, skipping
Refreshing native plugins compatible for Editor in 1.39 ms, found 3 plugins.
Preloading 0 native plugins for Editor in 0.00 ms.
Unloading 2731 Unused Serialized files (Serialized files now loaded: 0)
System memory in use before: 109.4 MB.
System memory in use after: 109.6 MB.

Unloading 52 unused Assets to reduce memory usage. Loaded Objects now: 3145.
Total: 8.362200 ms (FindLiveObjects: 0.358500 ms CreateObjectMapping: 0.090500 ms MarkObjects: 7.750800 ms  DeleteObjects: 0.159800 ms)

AssetImportWorkerClient::OnTransportError - code=2 error=End of file
