Using pre-set license
Built from '2020.3/staging' branch; Version is '2020.3.25f1 (9b9180224418) revision 10195328'; Using compiler version '192528614'; Build Type 'Release'
OS: 'Windows 10  (10.0.19042) 64bit Professional' Language: 'ko' Physical Memory: 16317 MB
BatchMode: 1, IsHumanControllingUs: 0, StartBugReporterOnCrash: 0, Is64bit: 1, IsPro: 0

COMMAND LINE ARGUMENTS:
D:\Development\unity\2020.3.25f1\Editor\Unity.exe
-adb2
-batchMode
-noUpm
-name
AssetImportWorker0
-projectPath
D:/te2ris/te2ris
-logFile
Logs/AssetImportWorker0.log
-srvPort
58067
Successfully changed project path to: D:/te2ris/te2ris
D:/te2ris/te2ris
Using Asset Import Pipeline V2.
Refreshing native plugins compatible for Editor in 76.48 ms, found 3 plugins.
Preloading 0 native plugins for Editor in 0.00 ms.
Initialize engine version: 2020.3.25f1 (9b9180224418)
[Subsystems] Discovering subsystems at path D:/Development/unity/2020.3.25f1/Editor/Data/Resources/UnitySubsystems
[Subsystems] Discovering subsystems at path D:/te2ris/te2ris/Assets
GfxDevice: creating device client; threaded=0
Direct3D:
    Version:  Direct3D 11.0 [level 11.1]
    Renderer: Radeon (TM) RX 480 Graphics (ID=0x67df)
    Vendor:   
    VRAM:     4075 MB
    Driver:   27.20.1034.6
Initialize mono
Mono path[0] = 'D:/Development/unity/2020.3.25f1/Editor/Data/Managed'
Mono path[1] = 'D:/Development/unity/2020.3.25f1/Editor/Data/MonoBleedingEdge/lib/mono/unityjit'
Mono config path = 'D:/Development/unity/2020.3.25f1/Editor/Data/MonoBleedingEdge/etc'
Using monoOptions --debugger-agent=transport=dt_socket,embedding=1,server=y,suspend=n,address=127.0.0.1:56424
Begin MonoManager ReloadAssembly
Registering precompiled unity dll's ...
Register platform support module: D:/Development/unity/2020.3.25f1/Editor/Data/PlaybackEngines/WindowsStandaloneSupport/UnityEditor.WindowsStandalone.Extensions.dll
Registered in 0.001591 seconds.
Native extension for WindowsStandalone target not found
Refreshing native plugins compatible for Editor in 55.74 ms, found 3 plugins.
Preloading 0 native plugins for Editor in 0.00 ms.
Mono: successfully reloaded assembly
- Completed reload, in  0.618 seconds
Domain Reload Profiling:
	ReloadAssembly (619ms)
		BeginReloadAssembly (84ms)
			ExecutionOrderSort (0ms)
			DisableScriptedObjects (0ms)
			BackupInstance (0ms)
			ReleaseScriptingObjects (0ms)
			CreateAndSetChildDomain (1ms)
		EndReloadAssembly (469ms)
			LoadAssemblies (84ms)
			RebuildTransferFunctionScriptingTraits (0ms)
			SetupTypeCache (155ms)
			ReleaseScriptCaches (0ms)
			RebuildScriptCaches (28ms)
			SetupLoadedEditorAssemblies (174ms)
				LogAssemblyErrors (0ms)
				InitializePlatformSupportModulesInManaged (4ms)
				SetLoadedEditorAssemblies (0ms)
				RefreshPlugins (56ms)
				BeforeProcessingInitializeOnLoad (13ms)
				ProcessInitializeOnLoadAttributes (76ms)
				ProcessInitializeOnLoadMethodAttributes (26ms)
				AfterProcessingInitializeOnLoad (0ms)
				EditorAssembliesLoaded (0ms)
			ExecutionOrderSort2 (0ms)
			AwakeInstancesAfterBackupRestoration (0ms)
Platform modules already initialized, skipping
Registering precompiled user dll's ...
Registered in 0.007507 seconds.
Begin MonoManager ReloadAssembly
Native extension for WindowsStandalone target not found
Refreshing native plugins compatible for Editor in 54.71 ms, found 3 plugins.
Preloading 0 native plugins for Editor in 0.00 ms.
Mono: successfully reloaded assembly
- Completed reload, in  1.190 seconds
Domain Reload Profiling:
	ReloadAssembly (1191ms)
		BeginReloadAssembly (161ms)
			ExecutionOrderSort (0ms)
			DisableScriptedObjects (4ms)
			BackupInstance (0ms)
			ReleaseScriptingObjects (0ms)
			CreateAndSetChildDomain (17ms)
		EndReloadAssembly (974ms)
			LoadAssemblies (133ms)
			RebuildTransferFunctionScriptingTraits (0ms)
			SetupTypeCache (295ms)
			ReleaseScriptCaches (0ms)
			RebuildScriptCaches (45ms)
			SetupLoadedEditorAssemblies (406ms)
				LogAssemblyErrors (0ms)
				InitializePlatformSupportModulesInManaged (3ms)
				SetLoadedEditorAssemblies (0ms)
				RefreshPlugins (55ms)
				BeforeProcessingInitializeOnLoad (84ms)
				ProcessInitializeOnLoadAttributes (211ms)
				ProcessInitializeOnLoadMethodAttributes (48ms)
				AfterProcessingInitializeOnLoad (4ms)
				EditorAssembliesLoaded (0ms)
			ExecutionOrderSort2 (0ms)
			AwakeInstancesAfterBackupRestoration (6ms)
Platform modules already initialized, skipping
========================================================================
Worker process is ready to serve import requests
Launched and connected shader compiler UnityShaderCompiler.exe after 0.07 seconds
Refreshing native plugins compatible for Editor in 0.69 ms, found 3 plugins.
Preloading 0 native plugins for Editor in 0.00 ms.
Unloading 2748 Unused Serialized files (Serialized files now loaded: 0)
System memory in use before: 112.7 MB.
System memory in use after: 112.9 MB.

Unloading 63 unused Assets to reduce memory usage. Loaded Objects now: 3149.
Total: 6.143500 ms (FindLiveObjects: 0.261200 ms CreateObjectMapping: 0.142600 ms MarkObjects: 5.673400 ms  DeleteObjects: 0.065700 ms)

AssetImportParameters requested are different than current active one (requested -> active):
  custom:framework-win-MediaFoundation: 216162199b28c13a410421893ffa2e32 -> 
  custom:video-decoder-ogg-theora: a1e56fd34408186e4bbccfd4996cb3dc -> 
  custom:container-muxer-webm: aa71ff27fc2769a1b78a27578f13a17b -> 
  custom:container-demuxer-webm: 4f35f7cbe854078d1ac9338744f61a02 -> 
  custom:container-demuxer-ogg: 62fdf1f143b41e24485cea50d1cbac27 -> 
  custom:video-encoder-webm-vp8: eb34c28f22e8b96e1ab97ce403110664 -> 
  custom:video-decoder-webm-vp8: 9c59270c3fd7afecdb556c50c9e8de78 -> 
  custom:audio-decoder-ogg-vorbis: bf7c407c2cedff20999df2af8eb42d56 -> 
  custom:audio-encoder-webm-vorbis: bf7c407c2cedff20999df2af8eb42d56 -> 
========================================================================
Received Import Request.
  path: Assets/개인폴더/강수훈/T블록.prefab
  artifactKey: Guid(91e3b6710cbdd3e448574b1bf971cc49) Importer(815301076,1909f56bfc062723c751e8b465ee728b)
Start importing Assets/개인폴더/강수훈/T블록.prefab using Guid(91e3b6710cbdd3e448574b1bf971cc49) Importer(815301076,1909f56bfc062723c751e8b465ee728b)  -> (artifact id: '97194a139eb5c8d31f4e4a376efca634') in 0.156241 seconds 
  Import took 0.160065 seconds .

========================================================================
Received Import Request.
  Time since last request: 0.000414 seconds.
  path: Assets/개인폴더/강수훈/I블록.prefab
  artifactKey: Guid(e09b249325b81fe488349b8dadee83f6) Importer(815301076,1909f56bfc062723c751e8b465ee728b)
Start importing Assets/개인폴더/강수훈/I블록.prefab using Guid(e09b249325b81fe488349b8dadee83f6) Importer(815301076,1909f56bfc062723c751e8b465ee728b)  -> (artifact id: 'a50c78a793e26b0f069192f7f74a030a') in 0.012131 seconds 
  Import took 0.016074 seconds .

========================================================================
Received Import Request.
  Time since last request: 0.000264 seconds.
  path: Assets/개인폴더/강수훈/J블록.prefab
  artifactKey: Guid(ade4143a6d5b37d428e8afa1cb8792de) Importer(815301076,1909f56bfc062723c751e8b465ee728b)
Start importing Assets/개인폴더/강수훈/J블록.prefab using Guid(ade4143a6d5b37d428e8afa1cb8792de) Importer(815301076,1909f56bfc062723c751e8b465ee728b)  -> (artifact id: '1989abee303f0737b9731edd673baa1f') in 0.012026 seconds 
  Import took 0.016325 seconds .

========================================================================
Received Import Request.
  Time since last request: 0.000263 seconds.
  path: Assets/개인폴더/강수훈/Z블록.prefab
  artifactKey: Guid(cd38c245d193dbe40ab92acf42c41b6a) Importer(815301076,1909f56bfc062723c751e8b465ee728b)
Start importing Assets/개인폴더/강수훈/Z블록.prefab using Guid(cd38c245d193dbe40ab92acf42c41b6a) Importer(815301076,1909f56bfc062723c751e8b465ee728b)  -> (artifact id: '153f7f888942e1666bb9960bb6dce2a5') in 0.010980 seconds 
  Import took 0.015016 seconds .

========================================================================
Received Import Request.
  Time since last request: 0.000255 seconds.
  path: Assets/개인폴더/강수훈/O블록.prefab
  artifactKey: Guid(22595cf1900d20d469a90d8a463d811b) Importer(815301076,1909f56bfc062723c751e8b465ee728b)
Start importing Assets/개인폴더/강수훈/O블록.prefab using Guid(22595cf1900d20d469a90d8a463d811b) Importer(815301076,1909f56bfc062723c751e8b465ee728b)  -> (artifact id: '7304bdd0f2edeb59f10e02bdbb2f130d') in 0.012155 seconds 
  Import took 0.015926 seconds .

========================================================================
Received Import Request.
  Time since last request: 0.000246 seconds.
  path: Assets/개인폴더/강수훈/L블록.prefab
  artifactKey: Guid(f5615aec7028b014da2368cbbbb85e47) Importer(815301076,1909f56bfc062723c751e8b465ee728b)
Start importing Assets/개인폴더/강수훈/L블록.prefab using Guid(f5615aec7028b014da2368cbbbb85e47) Importer(815301076,1909f56bfc062723c751e8b465ee728b)  -> (artifact id: '862a7c8d45b66dec90e4bb8696b4b525') in 0.010829 seconds 
  Import took 0.014717 seconds .

========================================================================
Received Import Request.
  Time since last request: 0.000243 seconds.
  path: Assets/개인폴더/강수훈/S블록.prefab
  artifactKey: Guid(56afb001ca0ac7d44b977a86e526c6b2) Importer(815301076,1909f56bfc062723c751e8b465ee728b)
Start importing Assets/개인폴더/강수훈/S블록.prefab using Guid(56afb001ca0ac7d44b977a86e526c6b2) Importer(815301076,1909f56bfc062723c751e8b465ee728b)  -> (artifact id: '42a592af4925db06a210df8967747afc') in 0.011626 seconds 
  Import took 0.016017 seconds .

AssetImportWorkerClient::OnTransportError - code=2 error=End of file
